<?xml version="1.0" encoding="UTF-8"?>
<!-- Generated by org.testng.reporters.JUnitReportReporter -->
<testsuite skipped="0" hostname="HMECL002775" name="com.frameworkpractise.dragdrop.DragandDrop" tests="1" failures="0" timestamp="2021-02-13T14:38:56 IST" time="82.372" errors="0">
  <testcase name="LoginTest" time="82.372" classname="com.frameworkpractise.dragdrop.DragandDrop"/>
</testsuite> <!-- com.frameworkpractise.dragdrop.DragandDrop -->
