<?xml version="1.0" encoding="UTF-8"?>
<!-- Generated by org.testng.reporters.JUnitReportReporter -->
<testsuite skipped="0" hostname="HMECL002775" name="com.frameworkpractise.Controller.Controller" tests="1" failures="0" timestamp="2021-02-17T20:28:46 IST" time="22.165" errors="0">
  <testcase name="OpenPageTest" time="22.165" classname="com.frameworkpractise.Controller.Controller"/>
</testsuite> <!-- com.frameworkpractise.Controller.Controller -->
