<?xml version="1.0" encoding="UTF-8"?>
<!-- Generated by org.testng.reporters.JUnitReportReporter -->
<testsuite skipped="0" hostname="HMECL002775" name="com.frameworkpractise.pages.LoginPage" tests="1" failures="0" timestamp="2021-02-13T15:19:30 IST" time="16.381" errors="0">
  <testcase name="LoginTest" time="16.381" classname="com.frameworkpractise.pages.LoginPage"/>
</testsuite> <!-- com.frameworkpractise.pages.LoginPage -->
